c:\users\tamirgr\documents\visual studio 2015\projects\forclass3d\engine\debug\engine.pdb
c:\users\tamirgr\documents\visual studio 2015\projects\forclass3d\engine\debug\engine.idb
c:\users\tamirgr\documents\visual studio 2015\projects\forclass3d\engine\debug\mesh.obj
c:\users\tamirgr\documents\visual studio 2015\projects\forclass3d\engine\debug\obj_loader.obj
c:\users\tamirgr\documents\visual studio 2015\projects\forclass3d\engine\debug\shader.obj
c:\users\tamirgr\documents\visual studio 2015\projects\forclass3d\engine\debug\stb_image.obj
c:\users\tamirgr\documents\visual studio 2015\projects\forclass3d\debug\engine.lib
c:\code\school\graphics\graphics_3\engine\debug\mesh.obj
c:\code\school\graphics\graphics_3\engine\debug\obj_loader.obj
c:\code\school\graphics\graphics_3\engine\debug\shader.obj
c:\code\school\graphics\graphics_3\engine\debug\stb_image.obj
c:\code\school\graphics\graphics_3\engine\debug\engine.idb
c:\code\school\graphics\graphics_3\engine\debug\engine.pdb
c:\code\school\graphics\graphics_3\debug\engine.pdb
c:\code\school\graphics\graphics_3\debug\engine.lib
c:\code\school\graphics\graphics_3\engine\debug\engine.tlog\cl.command.1.tlog
c:\code\school\graphics\graphics_3\engine\debug\engine.tlog\cl.read.1.tlog
c:\code\school\graphics\graphics_3\engine\debug\engine.tlog\cl.write.1.tlog
c:\code\school\graphics\graphics_3\engine\debug\engine.tlog\lib-link.read.1.tlog
c:\code\school\graphics\graphics_3\engine\debug\engine.tlog\lib-link.write.1.tlog
c:\code\school\graphics\graphics_3\engine\debug\engine.tlog\lib.command.1.tlog
